SF:src/geo_mcp/__init__.py
DA:8,1
LF:1
LH:1
end_of_record
SF:src/geo_mcp/advanced.py
DA:3,1
DA:4,1
DA:5,1
DA:6,1
DA:7,1
DA:9,1
DA:10,1
DA:12,1
DA:13,1
DA:14,1
DA:16,1
DA:26,1
DA:27,1
DA:28,1
DA:29,0
DA:30,1
DA:33,1
DA:34,1
DA:35,1
DA:36,1
DA:37,1
DA:38,1
DA:39,1
DA:42,1
DA:43,1
DA:46,1
DA:47,1
DA:49,1
DA:50,1
DA:51,1
DA:53,1
DA:54,1
DA:55,1
DA:56,1
DA:57,1
DA:58,1
DA:59,1
DA:60,1
DA:61,1
DA:62,1
DA:64,1
DA:73,1
DA:74,1
DA:76,1
DA:77,0
DA:79,1
DA:80,1
DA:81,1
DA:82,1
DA:83,1
DA:84,1
DA:85,1
DA:86,0
DA:87,1
DA:88,1
DA:89,1
DA:91,1
DA:92,0
DA:94,1
DA:95,1
DA:96,1
DA:98,1
DA:99,1
DA:100,1
DA:101,1
DA:102,1
DA:103,1
DA:105,1
DA:108,1
DA:109,1
DA:111,1
DA:112,1
DA:114,1
DA:115,1
DA:116,1
DA:117,1
DA:118,1
DA:119,1
DA:120,0
DA:121,1
DA:122,1
DA:123,1
DA:125,1
DA:126,1
DA:128,1
DA:129,1
DA:130,1
DA:132,1
DA:133,1
DA:134,1
DA:135,1
DA:136,1
DA:137,1
DA:138,1
DA:143,1
DA:145,1
DA:146,1
DA:147,1
DA:148,1
DA:150,1
DA:153,1
DA:156,1
DA:157,1
DA:159,1
DA:161,1
DA:162,1
DA:163,1
DA:164,1
DA:166,1
DA:167,1
DA:168,0
DA:169,1
DA:170,0
DA:172,1
DA:173,1
DA:176,1
DA:177,1
DA:179,1
DA:180,1
DA:182,1
DA:183,1
DA:184,1
DA:185,1
DA:186,1
DA:188,1
DA:196,1
DA:197,1
DA:202,1
DA:203,0
DA:205,1
DA:206,1
DA:207,1
DA:209,1
DA:210,0
DA:213,1
DA:214,1
DA:215,1
DA:216,1
DA:217,0
DA:218,1
DA:219,1
DA:220,0
DA:221,0
DA:223,1
DA:224,0
DA:229,1
DA:230,1
DA:231,1
DA:232,1
DA:233,0
DA:234,0
DA:235,1
DA:238,1
DA:239,1
DA:240,1
DA:241,1
DA:242,1
DA:243,1
DA:244,1
DA:246,1
DA:249,1
DA:250,1
DA:252,1
DA:253,1
DA:254,1
DA:256,1
DA:257,1
DA:260,1
DA:261,1
DA:263,1
DA:264,1
DA:265,1
DA:266,1
DA:273,1
DA:274,1
DA:275,1
DA:276,1
DA:277,1
DA:278,1
DA:279,1
DA:281,1
LF:181
LH:166
FN:26,30,_feature_collection
FNDA:1,_feature_collection
FN:33,39,_feature_geometries
FNDA:1,_feature_geometries
FN:42,43,_json_feature_collection
FNDA:1,_json_feature_collection
FN:47,70,build_spatial_index
FNDA:1,build_spatial_index
FN:74,105,spatial_query
FNDA:1,spatial_query
FN:109,150,spatial_join
FNDA:1,spatial_join
FN:157,173,cached_geocode
FNDA:1,cached_geocode
FN:177,193,batch_geocode
FNDA:1,batch_geocode
FN:197,246,nearest_neighbor
FNDA:1,nearest_neighbor
FN:250,257,repair_geometry
FNDA:1,repair_geometry
FN:261,287,validate_geometry
FNDA:1,validate_geometry
FNF:11
FNH:11
end_of_record
SF:src/geo_mcp/config.py
DA:3,1
DA:5,1
DA:8,1
DA:11,1
DA:13,1
DA:14,1
DA:15,1
DA:16,1
DA:18,1
DA:19,1
DA:20,1
DA:22,1
DA:23,1
DA:26,1
DA:27,1
DA:28,1
DA:31,1
DA:32,1
DA:33,1
DA:36,1
DA:39,1
DA:42,1
DA:43,1
DA:44,1
DA:47,1
LF:25
LH:25
end_of_record
SF:src/geo_mcp/elevation.py
DA:3,1
DA:5,1
DA:6,1
DA:7,1
DA:10,1
DA:11,1
DA:21,1
DA:22,1
DA:23,1
DA:26,1
DA:27,1
DA:36,1
DA:37,1
DA:38,1
DA:40,1
DA:41,1
DA:43,1
DA:44,1
LF:18
LH:18
FN:11,23,elevation
FNDA:1,elevation
FN:27,44,elevation_profile
FNDA:1,elevation_profile
FNF:2
FNH:2
end_of_record
SF:src/geo_mcp/errors.py
DA:3,1
DA:4,1
DA:5,1
DA:6,1
DA:9,1
DA:10,1
DA:11,1
DA:12,1
DA:15,1
DA:21,1
DA:22,1
DA:23,1
DA:24,1
DA:25,1
DA:26,1
DA:27,1
DA:28,1
DA:29,1
DA:30,1
DA:31,1
DA:33,1
DA:34,1
DA:37,1
DA:40,1
DA:41,1
DA:42,1
DA:43,1
DA:44,1
DA:45,1
DA:46,1
DA:47,0
DA:48,0
DA:49,1
DA:50,1
DA:52,1
DA:53,1
LF:36
LH:34
FN:9,12,_relax_return_type
FNDA:1,_relax_return_type
FN:15,34,safe_tool
FNDA:1,safe_tool
FN:22,31,safe_tool.wrapper
FNDA:1,safe_tool.wrapper
FN:37,53,async_safe_tool
FNDA:1,async_safe_tool
FN:41,50,async_safe_tool.wrapper
FNDA:1,async_safe_tool.wrapper
FNF:5
FNH:5
end_of_record
SF:src/geo_mcp/geocoding.py
DA:3,1
DA:4,1
DA:5,1
DA:8,1
DA:9,1
DA:20,1
DA:21,1
DA:24,1
DA:25,1
DA:35,1
DA:36,1
DA:37,1
LF:12
LH:12
FN:9,21,geocode
FNDA:1,geocode
FN:25,37,reverse_geocode
FNDA:1,reverse_geocode
FNF:2
FNH:2
end_of_record
SF:src/geo_mcp/geometry.py
DA:3,1
DA:5,1
DA:6,1
DA:7,1
DA:9,1
DA:10,1
DA:13,1
DA:15,1
DA:18,1
DA:20,1
DA:23,1
DA:24,1
DA:30,1
DA:31,1
DA:32,1
DA:33,1
DA:34,1
DA:37,1
DA:38,1
DA:40,1
DA:41,1
DA:42,1
DA:45,1
DA:46,1
DA:48,1
DA:49,1
DA:52,1
DA:53,1
DA:55,1
DA:56,1
DA:59,1
DA:60,1
DA:62,1
DA:63,1
DA:66,1
DA:67,1
DA:69,1
DA:70,1
DA:71,1
DA:74,1
DA:75,1
DA:77,1
DA:78,1
DA:81,1
DA:82,1
DA:84,1
DA:85,1
DA:86,1
DA:89,1
DA:101,1
DA:102,1
DA:108,1
DA:109,1
DA:110,1
DA:111,1
DA:112,1
DA:115,1
DA:116,1
DA:121,1
DA:122,1
DA:123,1
DA:126,1
DA:127,1
DA:132,1
DA:133,1
DA:134,1
DA:135,1
DA:137,1
DA:138,1
DA:139,1
DA:141,0
DA:142,0
DA:143,0
DA:144,0
DA:149,0
DA:150,0
LF:76
LH:70
FN:13,15,parse
FNDA:1,parse
FN:18,20,serialize
FNDA:1,serialize
FN:24,34,buffer
FNDA:1,buffer
FN:38,42,distance
FNDA:1,distance
FN:46,49,area
FNDA:1,area
FN:53,56,length
FNDA:1,length
FN:60,63,centroid
FNDA:1,centroid
FN:67,71,simplify
FNDA:1,simplify
FN:75,78,convex_hull
FNDA:1,convex_hull
FN:82,86,bbox
FNDA:1,bbox
FN:102,112,spatial_predicate
FNDA:1,spatial_predicate
FN:116,123,transform_crs
FNDA:1,transform_crs
FN:127,150,validate_geojson
FNDA:1,validate_geojson
FNF:13
FNH:13
end_of_record
SF:src/geo_mcp/http.py
DA:3,1
DA:4,1
DA:6,1
DA:8,1
DA:11,1
DA:14,1
DA:15,1
DA:16,1
DA:17,1
DA:19,1
DA:20,1
DA:21,1
DA:22,1
DA:23,1
DA:24,1
DA:25,1
DA:28,1
DA:30,1
DA:31,1
DA:38,1
DA:41,1
DA:43,1
DA:44,1
DA:45,1
LF:24
LH:24
FN:14,17,RateLimiter.__init__
FNDA:1,RateLimiter.__init__
FN:19,25,RateLimiter.acquire
FNDA:1,RateLimiter.acquire
FN:28,35,get_client
FNDA:1,get_client
FN:41,45,nominatim_limiter
FNDA:1,nominatim_limiter
FNF:4
FNH:4
end_of_record
SF:src/geo_mcp/isochrones.py
DA:3,1
DA:4,1
DA:5,1
DA:6,1
DA:8,1
DA:21,1
DA:22,1
DA:50,1
DA:51,1
DA:53,1
DA:54,1
DA:55,1
DA:56,1
DA:57,1
DA:59,1
DA:60,0
DA:66,1
DA:67,1
DA:73,1
DA:74,1
DA:82,1
DA:83,1
DA:86,1
DA:87,1
LF:24
LH:23
FN:22,97,isochrone
FNDA:1,isochrone
FNF:1
FNH:1
end_of_record
SF:src/geo_mcp/meta_tools/__init__.py
DA:3,1
DA:4,1
DA:6,1
LF:3
LH:3
end_of_record
SF:src/geo_mcp/meta_tools/catalog.py
DA:3,1
DA:5,1
DA:8,1
DA:11,1
DA:12,1
DA:13,1
DA:14,1
DA:17,1
DA:249,1
DA:250,1
DA:251,1
LF:11
LH:11
FN:249,256,_make_suggestion
FNDA:1,_make_suggestion
FNF:1
FNH:1
end_of_record
SF:src/geo_mcp/meta_tools/discovery.py
DA:3,1
DA:5,1
DA:8,1
DA:10,1
DA:11,1
DA:12,1
DA:14,1
DA:15,1
DA:16,1
DA:17,1
DA:18,1
DA:19,1
DA:20,1
DA:21,1
DA:22,1
DA:23,1
DA:24,1
DA:25,0
DA:26,0
DA:27,1
DA:28,0
DA:29,0
DA:30,1
DA:31,0
DA:32,0
DA:33,1
DA:34,0
DA:35,0
DA:36,1
DA:37,1
DA:38,1
DA:39,1
DA:40,0
DA:41,1
DA:42,0
DA:44,1
DA:45,1
DA:51,1
DA:52,1
DA:53,1
DA:54,1
DA:55,1
DA:56,1
DA:58,1
DA:65,1
DA:67,1
LF:46
LH:36
FN:8,62,suggest_tools
FNDA:1,suggest_tools
FN:65,70,list_all_tools
FNDA:1,list_all_tools
FNF:2
FNH:2
end_of_record
SF:src/geo_mcp/osm.py
DA:7,1
DA:8,1
DA:10,1
DA:11,1
DA:13,1
DA:16,1
DA:17,1
DA:33,1
DA:34,1
DA:35,1
DA:38,1
DA:39,1
DA:40,1
DA:41,1
DA:42,1
DA:43,1
DA:44,1
DA:46,1
DA:48,1
DA:50,1
DA:53,1
DA:54,1
DA:55,1
DA:56,1
DA:57,1
DA:58,1
DA:59,1
DA:60,1
DA:61,0
DA:62,0
DA:64,1
DA:66,1
DA:69,1
DA:71,1
DA:74,1
DA:75,1
DA:76,1
DA:77,1
DA:79,1
DA:86,1
DA:88,1
DA:91,1
DA:92,1
DA:93,1
DA:95,1
DA:97,1
DA:105,1
DA:107,1
DA:108,1
DA:109,0
DA:111,1
DA:112,1
DA:113,1
DA:114,1
DA:115,1
DA:116,1
DA:123,1
DA:125,1
DA:128,1
DA:129,1
DA:130,1
DA:131,1
DA:132,1
DA:135,1
DA:137,1
DA:138,1
DA:140,1
DA:141,1
DA:142,0
DA:144,0
DA:145,0
DA:146,0
DA:147,0
DA:148,0
DA:149,0
DA:150,0
DA:153,1
DA:155,0
DA:156,0
DA:157,0
DA:158,0
DA:160,0
DA:161,0
DA:162,0
DA:163,0
DA:164,0
DA:165,0
DA:166,0
DA:168,0
DA:170,0
DA:183,1
DA:184,1
DA:202,0
DA:204,0
DA:205,0
DA:206,0
DA:207,0
DA:210,0
DA:211,0
DA:212,0
DA:213,0
DA:216,0
DA:217,0
DA:219,0
DA:220,0
DA:221,0
DA:223,0
DA:226,1
DA:228,0
DA:229,0
DA:230,0
DA:232,0
DA:239,0
DA:240,0
DA:242,0
DA:243,0
DA:244,0
DA:245,0
DA:247,0
DA:248,0
DA:249,0
DA:250,0
DA:251,0
DA:252,0
DA:253,0
DA:255,0
DA:266,1
DA:267,1
DA:275,0
DA:277,0
DA:278,0
DA:279,0
DA:283,0
DA:284,0
DA:286,0
DA:288,0
DA:289,0
DA:291,0
DA:292,0
DA:293,0
DA:294,0
DA:295,0
DA:297,0
DA:298,0
DA:306,0
DA:307,0
DA:308,0
DA:310,0
LF:148
LH:71
FN:17,83,build_overpass_query
FNDA:1,build_overpass_query
FN:86,102,_build_area_query
FNDA:1,_build_area_query
FN:105,120,_build_poly_query
FNDA:1,_build_poly_query
FN:123,125,_escape_ql
FNDA:1,_escape_ql
FN:128,132,_validate_element_types
FNDA:1,_validate_element_types
FN:135,150,_extract_coords
FNDA:1,_extract_coords
FN:153,180,_osm_element_to_feature
FNDA:0,_osm_element_to_feature
FN:184,223,osm_features
FNDA:0,osm_features
FN:226,263,_query_large_bbox
FNDA:0,_query_large_bbox
FN:267,310,overpass_query
FNDA:0,overpass_query
FNF:10
FNH:6
end_of_record
SF:src/geo_mcp/providers/__init__.py
DA:12,1
DA:14,1
DA:15,1
DA:20,1
DA:23,1
DA:26,1
DA:29,1
DA:32,1
DA:33,1
DA:34,1
DA:36,1
DA:49,1
DA:50,1
DA:51,1
DA:52,1
DA:53,1
DA:57,1
DA:60,1
DA:61,1
DA:62,1
DA:63,1
DA:64,1
DA:68,1
DA:71,1
DA:72,1
DA:73,1
DA:74,1
DA:75,1
DA:79,1
DA:82,1
DA:84,1
LF:31
LH:31
FN:49,57,get_geocoding_provider
FNDA:1,get_geocoding_provider
FN:60,68,get_routing_provider
FNDA:1,get_routing_provider
FN:71,79,get_elevation_provider
FNDA:1,get_elevation_provider
FN:82,90,list_providers
FNDA:1,list_providers
FNF:4
FNH:4
end_of_record
SF:src/geo_mcp/providers/base.py
DA:3,1
DA:5,1
DA:6,1
DA:7,1
DA:9,1
DA:12,1
DA:13,1
DA:16,1
DA:17,1
DA:18,1
DA:19,1
DA:20,1
DA:22,1
DA:23,1
DA:24,1
DA:25,1
DA:26,1
DA:27,1
DA:28,1
DA:29,1
DA:33,1
DA:34,1
DA:35,1
DA:41,1
DA:42,1
DA:43,1
DA:46,1
DA:47,1
DA:50,1
DA:61,1
DA:69,1
DA:74,1
DA:81,1
DA:82,1
DA:85,1
DA:86,1
DA:87,1
DA:88,1
DA:89,1
DA:92,1
DA:93,1
DA:96,1
DA:106,1
DA:122,1
LF:44
LH:44
FN:22,39,QuotaTracker.record
FNDA:1,QuotaTracker.record
FN:42,43,QuotaTracker.call_count
FNDA:1,QuotaTracker.call_count
FN:85,89,get_quota_tracker
FNDA:1,get_quota_tracker
FN:92,93,is_dry_run
FNDA:1,is_dry_run
FN:98,99,GeocodingProvider.geocode
FNDA:0,GeocodingProvider.geocode
FN:102,103,GeocodingProvider.reverse_geocode
FNDA:0,GeocodingProvider.reverse_geocode
FN:108,109,RoutingProvider.route
FNDA:0,RoutingProvider.route
FN:112,115,RoutingProvider.route_matrix
FNDA:0,RoutingProvider.route_matrix
FN:118,119,RoutingProvider.nearest_road
FNDA:0,RoutingProvider.nearest_road
FN:124,125,ElevationProvider.elevation
FNDA:0,ElevationProvider.elevation
FN:128,129,ElevationProvider.elevation_profile
FNDA:0,ElevationProvider.elevation_profile
FNF:11
FNH:4
end_of_record
SF:src/geo_mcp/providers/elevation.py
DA:3,1
DA:5,1
DA:6,1
DA:7,1
DA:10,1
DA:13,1
DA:14,1
DA:15,1
DA:16,1
DA:17,1
DA:18,1
DA:19,1
DA:23,1
DA:24,1
DA:25,1
DA:26,1
DA:27,0
DA:28,1
DA:29,1
DA:35,1
DA:36,1
DA:37,0
DA:41,1
DA:42,1
DA:43,1
DA:44,1
DA:45,1
DA:46,1
DA:50,1
DA:51,1
DA:52,1
LF:31
LH:29
FN:13,33,OpenElevationProvider.elevation
FNDA:1,OpenElevationProvider.elevation
FN:35,59,OpenElevationProvider.elevation_profile
FNDA:1,OpenElevationProvider.elevation_profile
FNF:2
FNH:2
end_of_record
SF:src/geo_mcp/providers/geocoding.py
DA:3,1
DA:5,1
DA:6,1
DA:7,1
DA:8,1
DA:11,1
DA:14,1
DA:15,1
DA:16,1
DA:17,1
DA:18,1
DA:24,1
DA:25,1
DA:26,1
DA:27,1
DA:28,1
DA:29,1
DA:30,1
DA:31,1
DA:32,1
DA:50,1
DA:51,1
DA:52,0
DA:53,1
DA:54,1
DA:55,1
DA:62,1
DA:63,1
DA:64,1
DA:65,1
DA:66,1
DA:67,1
DA:68,1
LF:33
LH:32
FN:14,48,NominatimProvider.geocode
FNDA:1,NominatimProvider.geocode
FN:50,75,NominatimProvider.reverse_geocode
FNDA:1,NominatimProvider.reverse_geocode
FNF:2
FNH:2
end_of_record
SF:src/geo_mcp/providers/routing.py
DA:3,1
DA:5,1
DA:6,1
DA:7,1
DA:8,1
DA:11,1
DA:14,1
DA:15,1
DA:16,1
DA:17,1
DA:18,1
DA:19,1
DA:20,1
DA:21,1
DA:22,1
DA:23,1
DA:24,1
DA:25,1
DA:26,0
DA:27,1
DA:28,1
DA:34,1
DA:37,1
DA:38,0
DA:39,1
DA:40,1
DA:41,1
DA:42,1
DA:43,1
DA:44,1
DA:45,1
DA:50,1
DA:51,1
DA:52,1
DA:53,1
DA:54,1
DA:55,0
DA:56,1
DA:61,1
DA:62,1
DA:63,0
DA:64,1
DA:65,1
DA:66,1
DA:67,1
DA:68,1
DA:69,1
DA:70,1
DA:71,1
DA:72,0
DA:73,1
DA:74,1
LF:52
LH:47
FN:14,32,OSRMProvider.route
FNDA:1,OSRMProvider.route
FN:34,59,OSRMProvider.route_matrix
FNDA:1,OSRMProvider.route_matrix
FN:61,79,OSRMProvider.nearest_road
FNDA:1,OSRMProvider.nearest_road
FNF:3
FNH:3
end_of_record
SF:src/geo_mcp/raster.py
DA:3,1
DA:6,1
DA:7,1
DA:8,1
DA:9,1
DA:10,0
DA:11,0
DA:14,1
DA:15,1
DA:20,1
DA:21,1
DA:23,1
DA:24,1
DA:36,1
DA:37,1
DA:47,1
DA:48,1
DA:50,1
DA:51,1
DA:53,1
DA:55,1
DA:57,1
DA:58,1
DA:61,1
DA:62,1
DA:68,1
DA:69,1
DA:71,1
DA:73,1
DA:75,1
DA:76,1
DA:77,1
DA:78,1
DA:79,1
DA:80,1
DA:81,1
DA:83,1
DA:84,1
DA:85,1
DA:86,1
DA:87,1
DA:88,1
DA:92,1
DA:93,1
DA:95,1
LF:45
LH:43
FN:6,11,_check_raster_deps
FNDA:1,_check_raster_deps
FN:15,33,raster_info
FNDA:1,raster_info
FN:37,58,zonal_stats
FNDA:1,zonal_stats
FN:62,95,sample_raster
FNDA:1,sample_raster
FNF:4
FNH:4
end_of_record
SF:src/geo_mcp/routing.py
DA:3,1
DA:5,1
DA:6,1
DA:7,1
DA:10,1
DA:12,1
DA:13,1
DA:14,1
DA:16,1
DA:17,1
DA:18,1
DA:19,1
DA:20,1
DA:21,1
DA:22,1
DA:23,1
DA:24,1
DA:27,1
DA:28,1
DA:40,1
DA:41,1
DA:42,1
DA:44,1
DA:45,1
DA:46,1
DA:48,1
DA:49,1
DA:52,1
DA:53,1
DA:67,1
DA:68,1
DA:69,1
DA:71,1
DA:72,1
DA:74,1
DA:75,1
DA:78,1
DA:79,1
DA:89,1
DA:90,1
DA:91,1
DA:92,1
DA:94,1
DA:95,1
LF:44
LH:44
FN:10,24,_parse_coordinates
FNDA:1,_parse_coordinates
FN:28,49,route
FNDA:1,route
FN:53,75,route_matrix
FNDA:1,route_matrix
FN:79,95,nearest_road
FNDA:1,nearest_road
FNF:4
FNH:4
end_of_record
SF:src/geo_mcp/server.py
DA:3,1
DA:4,1
DA:6,1
DA:8,1
DA:24,1
DA:27,1
DA:28,1
DA:29,1
DA:30,1
DA:31,1
DA:32,1
DA:33,1
DA:34,1
DA:35,1
DA:36,1
DA:37,1
DA:40,1
DA:41,1
DA:44,1
DA:45,1
DA:46,1
DA:49,1
DA:50,1
DA:51,1
DA:54,1
DA:55,1
DA:58,1
DA:61,1
DA:62,1
DA:65,1
DA:66,1
DA:67,1
DA:70,1
DA:71,1
DA:72,1
DA:73,1
DA:74,1
DA:75,1
DA:76,1
DA:77,1
DA:80,1
DA:81,1
DA:84,1
DA:85,1
DA:86,1
DA:87,1
DA:88,1
DA:91,1
DA:92,1
DA:95,1
DA:96,0
DA:97,0
DA:98,0
DA:99,0
DA:100,0
DA:101,0
DA:102,0
DA:103,0
DA:104,0
DA:105,0
DA:106,0
DA:107,0
DA:108,0
DA:109,0
DA:110,0
DA:113,1
DA:115,0
DA:117,0
DA:119,0
DA:124,0
DA:125,0
DA:127,0
DA:128,0
DA:129,0
DA:133,0
DA:134,0
DA:135,0
DA:136,0
DA:137,0
DA:138,0
DA:139,0
DA:140,0
DA:141,0
DA:142,0
DA:143,0
DA:144,0
DA:145,0
DA:147,0
DA:148,0
DA:149,0
DA:150,0
DA:151,0
DA:154,1
DA:156,0
DA:158,0
DA:159,0
DA:160,0
DA:161,0
DA:162,0
DA:163,0
DA:164,0
DA:167,1
DA:169,0
DA:171,0
DA:172,0
DA:173,0
DA:174,0
DA:175,0
DA:176,0
DA:177,0
DA:178,0
DA:179,0
DA:182,1
DA:184,0
DA:186,0
DA:187,0
DA:189,0
DA:190,0
DA:192,0
DA:193,0
DA:194,0
DA:196,0
DA:197,0
DA:198,0
DA:200,0
DA:202,0
DA:203,0
DA:204,0
DA:205,0
DA:207,0
DA:208,0
DA:210,0
DA:211,0
DA:212,0
DA:213,0
DA:215,0
DA:218,1
DA:219,0
LF:138
LH:55
FN:95,110,_parser
FNDA:0,_parser
FN:113,151,_doctor
FNDA:0,_doctor
FN:154,164,_tools
FNDA:0,_tools
FN:167,179,_providers
FNDA:0,_providers
FN:182,215,main
FNDA:0,main
FNF:5
FNH:0
end_of_record
SF:src/geo_mcp/static_map.py
DA:3,1
DA:4,1
DA:5,1
DA:6,1
DA:7,1
DA:8,1
DA:10,1
DA:13,1
DA:14,0
DA:16,0
DA:17,0
DA:18,0
DA:19,0
DA:20,0
DA:21,0
DA:22,0
DA:23,0
DA:24,0
DA:25,0
DA:26,0
DA:27,0
DA:29,0
DA:30,0
DA:31,0
DA:34,1
DA:35,0
DA:36,0
DA:37,0
DA:51,0
DA:52,0
DA:53,0
DA:54,0
DA:57,1
DA:58,0
DA:59,0
DA:60,0
DA:61,0
DA:62,0
DA:65,1
DA:66,1
DA:75,0
DA:76,0
DA:78,0
DA:79,0
DA:80,0
DA:81,0
DA:82,0
DA:84,0
DA:85,0
DA:86,0
DA:87,0
DA:89,0
DA:90,0
DA:91,0
DA:92,0
DA:93,0
DA:95,0
DA:96,0
DA:97,0
DA:98,0
DA:99,0
DA:101,0
DA:102,0
DA:103,0
DA:104,0
DA:105,0
DA:106,0
DA:107,0
DA:108,0
DA:109,0
DA:110,0
DA:111,0
DA:112,0
DA:113,0
DA:114,0
DA:115,0
DA:116,0
DA:117,0
DA:118,0
DA:119,0
DA:120,0
DA:122,0
DA:123,0
DA:124,0
DA:125,0
DA:126,0
DA:128,0
DA:129,0
DA:131,0
DA:132,0
DA:133,0
DA:134,0
DA:135,0
DA:136,0
DA:138,0
DA:139,0
DA:140,0
DA:141,0
DA:143,0
DA:145,0
DA:156,1
DA:157,1
DA:165,0
DA:166,0
DA:167,0
DA:169,0
DA:170,0
DA:171,0
DA:173,0
LF:109
LH:14
FN:13,31,_extract_geometries
FNDA:0,_extract_geometries
FN:34,54,_auto_zoom
FNDA:0,_auto_zoom
FN:57,62,_style_colors
FNDA:0,_style_colors
FN:66,153,static_map
FNDA:0,static_map
FN:157,182,save_map
FNDA:0,save_map
FNF:5
FNH:0
end_of_record
SF:src/geo_mcp/units.py
DA:3,1
DA:4,1
DA:6,1
DA:7,1
DA:8,1
DA:9,1
DA:11,1
DA:14,1
DA:16,1
DA:17,1
DA:18,1
DA:19,1
DA:22,1
DA:24,1
DA:25,1
DA:26,1
DA:29,1
DA:31,1
DA:34,1
DA:36,1
DA:37,1
DA:40,1
DA:45,1
DA:46,1
DA:47,1
DA:48,1
DA:49,1
DA:50,1
DA:53,1
DA:59,1
DA:60,1
DA:61,1
DA:62,1
DA:64,1
DA:65,1
DA:66,1
DA:67,1
DA:68,1
DA:69,1
DA:70,1
DA:71,1
DA:74,1
DA:76,1
DA:77,1
DA:78,1
DA:79,1
DA:80,1
DA:81,1
DA:84,1
DA:86,1
DA:87,1
DA:88,1
DA:89,1
DA:92,1
DA:94,1
DA:95,1
DA:96,1
DA:97,1
DA:98,0
DA:99,0
DA:100,1
DA:101,1
DA:102,1
DA:103,1
DA:104,0
DA:105,0
DA:106,0
DA:107,0
DA:108,0
DA:109,0
DA:110,0
DA:111,0
DA:112,0
DA:113,0
DA:114,0
DA:115,0
DA:118,1
DA:124,1
DA:125,1
DA:126,1
DA:127,1
DA:130,1
DA:132,1
DA:133,1
DA:134,1
DA:135,1
DA:138,1
DA:145,1
DA:155,1
DA:157,1
DA:158,1
DA:159,1
DA:160,1
DA:163,1
DA:165,1
DA:166,1
DA:167,1
DA:168,1
LF:98
LH:84
FN:14,19,parse_geojson
FNDA:1,parse_geojson
FN:22,26,geojson_to_shapely
FNDA:1,geojson_to_shapely
FN:29,31,shapely_to_geojson
FNDA:1,shapely_to_geojson
FN:34,37,get_centroid_lonlat
FNDA:1,get_centroid_lonlat
FN:40,50,pick_utm_epsg
FNDA:1,pick_utm_epsg
FN:53,71,geodesic_area
FNDA:1,geodesic_area
FN:74,81,geodesic_length
FNDA:1,geodesic_length
FN:84,89,reproject_geom
FNDA:1,reproject_geom
FN:92,115,_transform_coords
FNDA:1,_transform_coords
FN:118,127,buffer_in_meters
FNDA:1,buffer_in_meters
FN:130,135,geodesic_distance
FNDA:1,geodesic_distance
FN:155,160,convert_length
FNDA:1,convert_length
FN:163,168,convert_area
FNDA:1,convert_area
FNF:13
FNH:13
end_of_record
SF:src/geo_mcp/validation.py
DA:4,1
DA:6,1
DA:7,1
DA:10,1
DA:12,1
DA:13,1
DA:16,1
DA:18,1
DA:19,1
DA:22,1
DA:24,1
DA:25,1
DA:26,1
DA:27,1
DA:28,1
DA:29,1
DA:30,1
DA:31,1
DA:32,1
DA:35,1
DA:37,1
DA:38,1
DA:41,1
DA:43,1
DA:44,1
LF:25
LH:25
FN:4,7,validate_lat
FNDA:1,validate_lat
FN:10,13,validate_lon
FNDA:1,validate_lon
FN:16,19,validate_coords
FNDA:1,validate_coords
FN:22,32,validate_bbox
FNDA:1,validate_bbox
FN:35,38,validate_positive
FNDA:1,validate_positive
FN:41,44,validate_non_negative
FNDA:1,validate_non_negative
FNF:6
FNH:6
end_of_record
SF:src/geo_mcp/vector.py
DA:3,1
DA:5,1
DA:8,1
DA:9,1
DA:10,1
DA:11,1
DA:12,0
DA:13,0
DA:18,1
DA:19,1
DA:24,1
DA:25,1
DA:26,1
DA:28,1
DA:29,1
DA:30,1
DA:32,1
DA:33,1
DA:35,1
DA:47,1
DA:48,1
DA:60,1
DA:61,1
DA:62,1
DA:64,1
DA:65,1
DA:66,0
DA:68,1
DA:70,1
DA:71,1
DA:73,1
DA:74,1
DA:75,1
DA:77,1
DA:78,1
DA:80,1
DA:81,1
DA:83,1
DA:91,1
DA:92,1
DA:94,1
DA:95,1
DA:96,1
DA:97,1
DA:98,0
DA:100,1
DA:101,1
DA:110,1
LF:48
LH:44
FN:8,15,_check_files_deps
FNDA:1,_check_files_deps
FN:19,44,vector_info
FNDA:1,vector_info
FN:48,110,vector_read
FNDA:1,vector_read
FNF:3
FNH:3
end_of_record
SF:src/geo_mcp/workspace.py
DA:3,1
DA:4,1
DA:6,1
DA:8,1
DA:11,1
DA:12,1
DA:14,1
DA:15,1
DA:16,1
DA:17,1
DA:19,1
DA:25,1
DA:34,1
DA:35,1
DA:37,1
DA:38,1
DA:39,1
DA:41,1
DA:42,1
DA:51,1
DA:52,1
DA:54,1
DA:68,1
DA:69,1
DA:71,1
DA:72,1
DA:73,1
DA:74,1
DA:76,1
DA:77,1
DA:79,1
DA:80,1
DA:83,1
DA:84,1
DA:86,1
DA:87,1
DA:88,1
DA:89,1
DA:91,1
DA:92,1
LF:40
LH:40
FN:12,31,workspace_store
FNDA:1,workspace_store
FN:35,48,workspace_get
FNDA:1,workspace_get
FN:52,65,workspace_list
FNDA:1,workspace_list
FN:69,80,workspace_clear
FNDA:1,workspace_clear
FN:84,92,workspace_rename
FNDA:1,workspace_rename
FNF:5
FNH:5
end_of_record
